<?xml version="1.0" encoding="UTF-8"?>
<testsuites>
  <testsuite name="" tests="25" assertions="32" errors="0" warnings="0" failures="0" skipped="0" time="0.027924">
    <testsuite name="Project Test Suite" tests="25" assertions="32" errors="0" warnings="0" failures="0" skipped="0" time="0.027924">
      <testsuite name="App\Dice\DiceHandTest" file="/Users/alexandracarlsson/dbwebb-kurser/mvc/me/report/tests/Dice/DiceHandTest.php" tests="1" assertions="1" errors="0" warnings="0" failures="0" skipped="0" time="0.015923">
        <testcase name="testAddStubbedDices" class="App\Dice\DiceHandTest" classname="App.Dice.DiceHandTest" file="/Users/alexandracarlsson/dbwebb-kurser/mvc/me/report/tests/Dice/DiceHandTest.php" line="15" assertions="1" time="0.015923"/>
      </testsuite>
      <testsuite name="App\Dice\DiceTest" file="/Users/alexandracarlsson/dbwebb-kurser/mvc/me/report/tests/Dice/DiceTest.php" tests="2" assertions="3" errors="0" warnings="0" failures="0" skipped="0" time="0.001852">
        <testcase name="testCreateDice" class="App\Dice\DiceTest" classname="App.Dice.DiceTest" file="/Users/alexandracarlsson/dbwebb-kurser/mvc/me/report/tests/Dice/DiceTest.php" line="16" assertions="2" time="0.001523"/>
        <testcase name="testStubRollDiceLastRoll" class="App\Dice\DiceTest" classname="App.Dice.DiceTest" file="/Users/alexandracarlsson/dbwebb-kurser/mvc/me/report/tests/Dice/DiceTest.php" line="28" assertions="1" time="0.000329"/>
      </testsuite>
      <testsuite name="App\Game\CardGraphicTest" file="/Users/alexandracarlsson/dbwebb-kurser/mvc/me/report/tests/Game/CardGraphicTest.php" tests="2" assertions="3" errors="0" warnings="0" failures="0" skipped="0" time="0.001177">
        <testcase name="testCardGraphic" class="App\Game\CardGraphicTest" classname="App.Game.CardGraphicTest" file="/Users/alexandracarlsson/dbwebb-kurser/mvc/me/report/tests/Game/CardGraphicTest.php" line="16" assertions="2" time="0.000966"/>
        <testcase name="testCardGraphicAsString" class="App\Game\CardGraphicTest" classname="App.Game.CardGraphicTest" file="/Users/alexandracarlsson/dbwebb-kurser/mvc/me/report/tests/Game/CardGraphicTest.php" line="27" assertions="1" time="0.000211"/>
      </testsuite>
      <testsuite name="App\Game\CardHandBankTest" file="/Users/alexandracarlsson/dbwebb-kurser/mvc/me/report/tests/Game/CardHandBankTest.php" tests="6" assertions="7" errors="0" warnings="0" failures="0" skipped="0" time="0.002368">
        <testcase name="testCardAddCardBank" class="App\Game\CardHandBankTest" classname="App.Game.CardHandBankTest" file="/Users/alexandracarlsson/dbwebb-kurser/mvc/me/report/tests/Game/CardHandBankTest.php" line="16" assertions="1" time="0.000694"/>
        <testcase name="testBankGetValues" class="App\Game\CardHandBankTest" classname="App.Game.CardHandBankTest" file="/Users/alexandracarlsson/dbwebb-kurser/mvc/me/report/tests/Game/CardHandBankTest.php" line="28" assertions="1" time="0.000249"/>
        <testcase name="testBankGetTotalValueEss" class="App\Game\CardHandBankTest" classname="App.Game.CardHandBankTest" file="/Users/alexandracarlsson/dbwebb-kurser/mvc/me/report/tests/Game/CardHandBankTest.php" line="41" assertions="1" time="0.000225"/>
        <testcase name="testBankGetTotalValue" class="App\Game\CardHandBankTest" classname="App.Game.CardHandBankTest" file="/Users/alexandracarlsson/dbwebb-kurser/mvc/me/report/tests/Game/CardHandBankTest.php" line="55" assertions="1" time="0.000210"/>
        <testcase name="testCardGetString" class="App\Game\CardHandBankTest" classname="App.Game.CardHandBankTest" file="/Users/alexandracarlsson/dbwebb-kurser/mvc/me/report/tests/Game/CardHandBankTest.php" line="68" assertions="1" time="0.000212"/>
        <testcase name="testBankGetCards" class="App\Game\CardHandBankTest" classname="App.Game.CardHandBankTest" file="/Users/alexandracarlsson/dbwebb-kurser/mvc/me/report/tests/Game/CardHandBankTest.php" line="82" assertions="2" time="0.000779"/>
      </testsuite>
      <testsuite name="App\Game\CardHandPlayerTest" file="/Users/alexandracarlsson/dbwebb-kurser/mvc/me/report/tests/Game/CardHandPlayerTest.php" tests="5" assertions="6" errors="0" warnings="0" failures="0" skipped="0" time="0.001559">
        <testcase name="testCardAddCardplayer" class="App\Game\CardHandPlayerTest" classname="App.Game.CardHandPlayerTest" file="/Users/alexandracarlsson/dbwebb-kurser/mvc/me/report/tests/Game/CardHandPlayerTest.php" line="16" assertions="1" time="0.000714"/>
        <testcase name="testPlayerGetValues" class="App\Game\CardHandPlayerTest" classname="App.Game.CardHandPlayerTest" file="/Users/alexandracarlsson/dbwebb-kurser/mvc/me/report/tests/Game/CardHandPlayerTest.php" line="28" assertions="1" time="0.000198"/>
        <testcase name="testPlayerGetTotalValueEss" class="App\Game\CardHandPlayerTest" classname="App.Game.CardHandPlayerTest" file="/Users/alexandracarlsson/dbwebb-kurser/mvc/me/report/tests/Game/CardHandPlayerTest.php" line="41" assertions="1" time="0.000220"/>
        <testcase name="testCardPlayerGetString" class="App\Game\CardHandPlayerTest" classname="App.Game.CardHandPlayerTest" file="/Users/alexandracarlsson/dbwebb-kurser/mvc/me/report/tests/Game/CardHandPlayerTest.php" line="55" assertions="1" time="0.000216"/>
        <testcase name="testPlayerGetCards" class="App\Game\CardHandPlayerTest" classname="App.Game.CardHandPlayerTest" file="/Users/alexandracarlsson/dbwebb-kurser/mvc/me/report/tests/Game/CardHandPlayerTest.php" line="69" assertions="2" time="0.000212"/>
      </testsuite>
      <testsuite name="App\Game\CardTest" file="/Users/alexandracarlsson/dbwebb-kurser/mvc/me/report/tests/Game/CardTest.php" tests="6" assertions="8" errors="0" warnings="0" failures="0" skipped="0" time="0.001064">
        <testcase name="testCreateCard" class="App\Game\CardTest" classname="App.Game.CardTest" file="/Users/alexandracarlsson/dbwebb-kurser/mvc/me/report/tests/Game/CardTest.php" line="16" assertions="3" time="0.000185"/>
        <testcase name="testCardNumber" class="App\Game\CardTest" classname="App.Game.CardTest" file="/Users/alexandracarlsson/dbwebb-kurser/mvc/me/report/tests/Game/CardTest.php" line="29" assertions="1" time="0.000173"/>
        <testcase name="testCardColor" class="App\Game\CardTest" classname="App.Game.CardTest" file="/Users/alexandracarlsson/dbwebb-kurser/mvc/me/report/tests/Game/CardTest.php" line="40" assertions="1" time="0.000175"/>
        <testcase name="testCardNumberValue" class="App\Game\CardTest" classname="App.Game.CardTest" file="/Users/alexandracarlsson/dbwebb-kurser/mvc/me/report/tests/Game/CardTest.php" line="51" assertions="1" time="0.000177"/>
        <testcase name="testCardShowCard" class="App\Game\CardTest" classname="App.Game.CardTest" file="/Users/alexandracarlsson/dbwebb-kurser/mvc/me/report/tests/Game/CardTest.php" line="62" assertions="1" time="0.000177"/>
        <testcase name="testCardGetAsString" class="App\Game\CardTest" classname="App.Game.CardTest" file="/Users/alexandracarlsson/dbwebb-kurser/mvc/me/report/tests/Game/CardTest.php" line="73" assertions="1" time="0.000177"/>
      </testsuite>
      <testsuite name="App\Game\DeckOfCardsTest" file="/Users/alexandracarlsson/dbwebb-kurser/mvc/me/report/tests/Game/DeckOfCardsTest.php" tests="3" assertions="4" errors="0" warnings="0" failures="0" skipped="0" time="0.003980">
        <testcase name="testDeckOfCards" class="App\Game\DeckOfCardsTest" classname="App.Game.DeckOfCardsTest" file="/Users/alexandracarlsson/dbwebb-kurser/mvc/me/report/tests/Game/DeckOfCardsTest.php" line="16" assertions="1" time="0.000808"/>
        <testcase name="testLeftDeckOfCards" class="App\Game\DeckOfCardsTest" classname="App.Game.DeckOfCardsTest" file="/Users/alexandracarlsson/dbwebb-kurser/mvc/me/report/tests/Game/DeckOfCardsTest.php" line="27" assertions="2" time="0.000337"/>
        <testcase name="testDeckOfCardsShuffled" class="App\Game\DeckOfCardsTest" classname="App.Game.DeckOfCardsTest" file="/Users/alexandracarlsson/dbwebb-kurser/mvc/me/report/tests/Game/DeckOfCardsTest.php" line="40" assertions="1" time="0.002835"/>
      </testsuite>
    </testsuite>
  </testsuite>
</testsuites>
