<?xml version="1.0" encoding="UTF-8"?>
<testsuites>
  <testsuite name="" tests="38" assertions="50" errors="0" warnings="0" failures="0" skipped="0" time="0.036033">
    <testsuite name="Project Test Suite" tests="38" assertions="50" errors="0" warnings="0" failures="0" skipped="0" time="0.036033">
      <testsuite name="App\Card\CardGraphicTest" file="/Users/alexandracarlsson/dbwebb-kurser/mvc/me/report/tests/Card/CardGraphicTest.php" tests="2" assertions="3" errors="0" warnings="0" failures="0" skipped="0" time="0.005782">
        <testcase name="testCardGraphic" class="App\Card\CardGraphicTest" classname="App.Card.CardGraphicTest" file="/Users/alexandracarlsson/dbwebb-kurser/mvc/me/report/tests/Card/CardGraphicTest.php" line="16" assertions="2" time="0.005440"/>
        <testcase name="testCardGraphicAsString" class="App\Card\CardGraphicTest" classname="App.Card.CardGraphicTest" file="/Users/alexandracarlsson/dbwebb-kurser/mvc/me/report/tests/Card/CardGraphicTest.php" line="27" assertions="1" time="0.000343"/>
      </testsuite>
      <testsuite name="App\Card\CardHandTest" file="/Users/alexandracarlsson/dbwebb-kurser/mvc/me/report/tests/Card/CardHandTest.php" tests="4" assertions="5" errors="0" warnings="0" failures="0" skipped="0" time="0.002634">
        <testcase name="testCardAdd" class="App\Card\CardHandTest" classname="App.Card.CardHandTest" file="/Users/alexandracarlsson/dbwebb-kurser/mvc/me/report/tests/Card/CardHandTest.php" line="16" assertions="1" time="0.000672"/>
        <testcase name="testGetValues" class="App\Card\CardHandTest" classname="App.Card.CardHandTest" file="/Users/alexandracarlsson/dbwebb-kurser/mvc/me/report/tests/Card/CardHandTest.php" line="28" assertions="1" time="0.000678"/>
        <testcase name="testCardGetString" class="App\Card\CardHandTest" classname="App.Card.CardHandTest" file="/Users/alexandracarlsson/dbwebb-kurser/mvc/me/report/tests/Card/CardHandTest.php" line="41" assertions="1" time="0.000313"/>
        <testcase name="testGetCards" class="App\Card\CardHandTest" classname="App.Card.CardHandTest" file="/Users/alexandracarlsson/dbwebb-kurser/mvc/me/report/tests/Card/CardHandTest.php" line="55" assertions="2" time="0.000971"/>
      </testsuite>
      <testsuite name="App\Card\CardTest" file="/Users/alexandracarlsson/dbwebb-kurser/mvc/me/report/tests/Card/CardTest.php" tests="4" assertions="6" errors="0" warnings="0" failures="0" skipped="0" time="0.001361">
        <testcase name="testCreateCard" class="App\Card\CardTest" classname="App.Card.CardTest" file="/Users/alexandracarlsson/dbwebb-kurser/mvc/me/report/tests/Card/CardTest.php" line="16" assertions="3" time="0.000623"/>
        <testcase name="testCardNumber" class="App\Card\CardTest" classname="App.Card.CardTest" file="/Users/alexandracarlsson/dbwebb-kurser/mvc/me/report/tests/Card/CardTest.php" line="29" assertions="1" time="0.000256"/>
        <testcase name="testCardColor" class="App\Card\CardTest" classname="App.Card.CardTest" file="/Users/alexandracarlsson/dbwebb-kurser/mvc/me/report/tests/Card/CardTest.php" line="40" assertions="1" time="0.000245"/>
        <testcase name="testCardGetAsString" class="App\Card\CardTest" classname="App.Card.CardTest" file="/Users/alexandracarlsson/dbwebb-kurser/mvc/me/report/tests/Card/CardTest.php" line="51" assertions="1" time="0.000238"/>
      </testsuite>
      <testsuite name="App\Card\DeckOfCardsTest" file="/Users/alexandracarlsson/dbwebb-kurser/mvc/me/report/tests/Card/DeckOfCardsTest.php" tests="3" assertions="4" errors="0" warnings="0" failures="0" skipped="0" time="0.005185">
        <testcase name="testDeckOfCards" class="App\Card\DeckOfCardsTest" classname="App.Card.DeckOfCardsTest" file="/Users/alexandracarlsson/dbwebb-kurser/mvc/me/report/tests/Card/DeckOfCardsTest.php" line="16" assertions="1" time="0.000777"/>
        <testcase name="testLeftDeckOfCards" class="App\Card\DeckOfCardsTest" classname="App.Card.DeckOfCardsTest" file="/Users/alexandracarlsson/dbwebb-kurser/mvc/me/report/tests/Card/DeckOfCardsTest.php" line="27" assertions="2" time="0.000463"/>
        <testcase name="testDeckOfCardsShuffled" class="App\Card\DeckOfCardsTest" classname="App.Card.DeckOfCardsTest" file="/Users/alexandracarlsson/dbwebb-kurser/mvc/me/report/tests/Card/DeckOfCardsTest.php" line="40" assertions="1" time="0.003945"/>
      </testsuite>
      <testsuite name="App\Dice\DiceHandTest" file="/Users/alexandracarlsson/dbwebb-kurser/mvc/me/report/tests/Dice/DiceHandTest.php" tests="1" assertions="1" errors="0" warnings="0" failures="0" skipped="0" time="0.009921">
        <testcase name="testAddStubbedDices" class="App\Dice\DiceHandTest" classname="App.Dice.DiceHandTest" file="/Users/alexandracarlsson/dbwebb-kurser/mvc/me/report/tests/Dice/DiceHandTest.php" line="15" assertions="1" time="0.009921"/>
      </testsuite>
      <testsuite name="App\Dice\DiceTest" file="/Users/alexandracarlsson/dbwebb-kurser/mvc/me/report/tests/Dice/DiceTest.php" tests="2" assertions="3" errors="0" warnings="0" failures="0" skipped="0" time="0.000983">
        <testcase name="testCreateDice" class="App\Dice\DiceTest" classname="App.Dice.DiceTest" file="/Users/alexandracarlsson/dbwebb-kurser/mvc/me/report/tests/Dice/DiceTest.php" line="16" assertions="2" time="0.000584"/>
        <testcase name="testStubRollDiceLastRoll" class="App\Dice\DiceTest" classname="App.Dice.DiceTest" file="/Users/alexandracarlsson/dbwebb-kurser/mvc/me/report/tests/Dice/DiceTest.php" line="28" assertions="1" time="0.000399"/>
      </testsuite>
      <testsuite name="App\Game\CardGraphicTest" file="/Users/alexandracarlsson/dbwebb-kurser/mvc/me/report/tests/Game/CardGraphicTest.php" tests="2" assertions="3" errors="0" warnings="0" failures="0" skipped="0" time="0.001031">
        <testcase name="testCardGraphic" class="App\Game\CardGraphicTest" classname="App.Game.CardGraphicTest" file="/Users/alexandracarlsson/dbwebb-kurser/mvc/me/report/tests/Game/CardGraphicTest.php" line="16" assertions="2" time="0.000753"/>
        <testcase name="testCardGraphicAsString" class="App\Game\CardGraphicTest" classname="App.Game.CardGraphicTest" file="/Users/alexandracarlsson/dbwebb-kurser/mvc/me/report/tests/Game/CardGraphicTest.php" line="27" assertions="1" time="0.000279"/>
      </testsuite>
      <testsuite name="App\Game\CardHandBankTest" file="/Users/alexandracarlsson/dbwebb-kurser/mvc/me/report/tests/Game/CardHandBankTest.php" tests="6" assertions="7" errors="0" warnings="0" failures="0" skipped="0" time="0.002209">
        <testcase name="testCardAddCardBank" class="App\Game\CardHandBankTest" classname="App.Game.CardHandBankTest" file="/Users/alexandracarlsson/dbwebb-kurser/mvc/me/report/tests/Game/CardHandBankTest.php" line="16" assertions="1" time="0.000828"/>
        <testcase name="testBankGetValues" class="App\Game\CardHandBankTest" classname="App.Game.CardHandBankTest" file="/Users/alexandracarlsson/dbwebb-kurser/mvc/me/report/tests/Game/CardHandBankTest.php" line="28" assertions="1" time="0.000316"/>
        <testcase name="testBankGetTotalValueEss" class="App\Game\CardHandBankTest" classname="App.Game.CardHandBankTest" file="/Users/alexandracarlsson/dbwebb-kurser/mvc/me/report/tests/Game/CardHandBankTest.php" line="41" assertions="1" time="0.000274"/>
        <testcase name="testBankGetTotalValue" class="App\Game\CardHandBankTest" classname="App.Game.CardHandBankTest" file="/Users/alexandracarlsson/dbwebb-kurser/mvc/me/report/tests/Game/CardHandBankTest.php" line="55" assertions="1" time="0.000267"/>
        <testcase name="testCardGetString" class="App\Game\CardHandBankTest" classname="App.Game.CardHandBankTest" file="/Users/alexandracarlsson/dbwebb-kurser/mvc/me/report/tests/Game/CardHandBankTest.php" line="68" assertions="1" time="0.000268"/>
        <testcase name="testBankGetCards" class="App\Game\CardHandBankTest" classname="App.Game.CardHandBankTest" file="/Users/alexandracarlsson/dbwebb-kurser/mvc/me/report/tests/Game/CardHandBankTest.php" line="82" assertions="2" time="0.000256"/>
      </testsuite>
      <testsuite name="App\Game\CardHandPlayerTest" file="/Users/alexandracarlsson/dbwebb-kurser/mvc/me/report/tests/Game/CardHandPlayerTest.php" tests="5" assertions="6" errors="0" warnings="0" failures="0" skipped="0" time="0.001823">
        <testcase name="testCardAddCardplayer" class="App\Game\CardHandPlayerTest" classname="App.Game.CardHandPlayerTest" file="/Users/alexandracarlsson/dbwebb-kurser/mvc/me/report/tests/Game/CardHandPlayerTest.php" line="16" assertions="1" time="0.000672"/>
        <testcase name="testPlayerGetValues" class="App\Game\CardHandPlayerTest" classname="App.Game.CardHandPlayerTest" file="/Users/alexandracarlsson/dbwebb-kurser/mvc/me/report/tests/Game/CardHandPlayerTest.php" line="28" assertions="1" time="0.000284"/>
        <testcase name="testPlayerGetTotalValueEss" class="App\Game\CardHandPlayerTest" classname="App.Game.CardHandPlayerTest" file="/Users/alexandracarlsson/dbwebb-kurser/mvc/me/report/tests/Game/CardHandPlayerTest.php" line="41" assertions="1" time="0.000327"/>
        <testcase name="testCardPlayerGetString" class="App\Game\CardHandPlayerTest" classname="App.Game.CardHandPlayerTest" file="/Users/alexandracarlsson/dbwebb-kurser/mvc/me/report/tests/Game/CardHandPlayerTest.php" line="55" assertions="1" time="0.000277"/>
        <testcase name="testPlayerGetCards" class="App\Game\CardHandPlayerTest" classname="App.Game.CardHandPlayerTest" file="/Users/alexandracarlsson/dbwebb-kurser/mvc/me/report/tests/Game/CardHandPlayerTest.php" line="69" assertions="2" time="0.000262"/>
      </testsuite>
      <testsuite name="App\Game\CardTest" file="/Users/alexandracarlsson/dbwebb-kurser/mvc/me/report/tests/Game/CardTest.php" tests="6" assertions="8" errors="0" warnings="0" failures="0" skipped="0" time="0.001441">
        <testcase name="testCreateCard" class="App\Game\CardTest" classname="App.Game.CardTest" file="/Users/alexandracarlsson/dbwebb-kurser/mvc/me/report/tests/Game/CardTest.php" line="16" assertions="3" time="0.000255"/>
        <testcase name="testCardNumber" class="App\Game\CardTest" classname="App.Game.CardTest" file="/Users/alexandracarlsson/dbwebb-kurser/mvc/me/report/tests/Game/CardTest.php" line="29" assertions="1" time="0.000245"/>
        <testcase name="testCardColor" class="App\Game\CardTest" classname="App.Game.CardTest" file="/Users/alexandracarlsson/dbwebb-kurser/mvc/me/report/tests/Game/CardTest.php" line="40" assertions="1" time="0.000237"/>
        <testcase name="testCardNumberValue" class="App\Game\CardTest" classname="App.Game.CardTest" file="/Users/alexandracarlsson/dbwebb-kurser/mvc/me/report/tests/Game/CardTest.php" line="51" assertions="1" time="0.000234"/>
        <testcase name="testCardShowCard" class="App\Game\CardTest" classname="App.Game.CardTest" file="/Users/alexandracarlsson/dbwebb-kurser/mvc/me/report/tests/Game/CardTest.php" line="62" assertions="1" time="0.000237"/>
        <testcase name="testCardGetAsString" class="App\Game\CardTest" classname="App.Game.CardTest" file="/Users/alexandracarlsson/dbwebb-kurser/mvc/me/report/tests/Game/CardTest.php" line="73" assertions="1" time="0.000233"/>
      </testsuite>
      <testsuite name="App\Game\DeckOfCardsTest" file="/Users/alexandracarlsson/dbwebb-kurser/mvc/me/report/tests/Game/DeckOfCardsTest.php" tests="3" assertions="4" errors="0" warnings="0" failures="0" skipped="0" time="0.003662">
        <testcase name="testDeckOfCards" class="App\Game\DeckOfCardsTest" classname="App.Game.DeckOfCardsTest" file="/Users/alexandracarlsson/dbwebb-kurser/mvc/me/report/tests/Game/DeckOfCardsTest.php" line="16" assertions="1" time="0.000852"/>
        <testcase name="testLeftDeckOfCards" class="App\Game\DeckOfCardsTest" classname="App.Game.DeckOfCardsTest" file="/Users/alexandracarlsson/dbwebb-kurser/mvc/me/report/tests/Game/DeckOfCardsTest.php" line="27" assertions="2" time="0.000381"/>
        <testcase name="testDeckOfCardsShuffled" class="App\Game\DeckOfCardsTest" classname="App.Game.DeckOfCardsTest" file="/Users/alexandracarlsson/dbwebb-kurser/mvc/me/report/tests/Game/DeckOfCardsTest.php" line="40" assertions="1" time="0.002430"/>
      </testsuite>
    </testsuite>
  </testsuite>
</testsuites>
