<?xml version="1.0" encoding="UTF-8"?>
<testsuites>
  <testsuite name="" tests="39" assertions="51" errors="0" warnings="0" failures="0" skipped="0" time="0.038282">
    <testsuite name="Project Test Suite" tests="39" assertions="51" errors="0" warnings="0" failures="0" skipped="0" time="0.038282">
      <testsuite name="App\Card\CardGraphicTest" file="/Users/alexandracarlsson/dbwebb-kurser/mvc/me/report/tests/Card/CardGraphicTest.php" tests="2" assertions="3" errors="0" warnings="0" failures="0" skipped="0" time="0.006026">
        <testcase name="testCardGraphic" class="App\Card\CardGraphicTest" classname="App.Card.CardGraphicTest" file="/Users/alexandracarlsson/dbwebb-kurser/mvc/me/report/tests/Card/CardGraphicTest.php" line="16" assertions="2" time="0.005715"/>
        <testcase name="testCardGraphicAsString" class="App\Card\CardGraphicTest" classname="App.Card.CardGraphicTest" file="/Users/alexandracarlsson/dbwebb-kurser/mvc/me/report/tests/Card/CardGraphicTest.php" line="27" assertions="1" time="0.000311"/>
      </testsuite>
      <testsuite name="App\Card\CardHandTest" file="/Users/alexandracarlsson/dbwebb-kurser/mvc/me/report/tests/Card/CardHandTest.php" tests="4" assertions="5" errors="0" warnings="0" failures="0" skipped="0" time="0.002701">
        <testcase name="testCardAdd" class="App\Card\CardHandTest" classname="App.Card.CardHandTest" file="/Users/alexandracarlsson/dbwebb-kurser/mvc/me/report/tests/Card/CardHandTest.php" line="16" assertions="1" time="0.000640"/>
        <testcase name="testGetValues" class="App\Card\CardHandTest" classname="App.Card.CardHandTest" file="/Users/alexandracarlsson/dbwebb-kurser/mvc/me/report/tests/Card/CardHandTest.php" line="28" assertions="1" time="0.000678"/>
        <testcase name="testCardGetString" class="App\Card\CardHandTest" classname="App.Card.CardHandTest" file="/Users/alexandracarlsson/dbwebb-kurser/mvc/me/report/tests/Card/CardHandTest.php" line="41" assertions="1" time="0.000357"/>
        <testcase name="testGetCards" class="App\Card\CardHandTest" classname="App.Card.CardHandTest" file="/Users/alexandracarlsson/dbwebb-kurser/mvc/me/report/tests/Card/CardHandTest.php" line="55" assertions="2" time="0.001027"/>
      </testsuite>
      <testsuite name="App\Card\CardTest" file="/Users/alexandracarlsson/dbwebb-kurser/mvc/me/report/tests/Card/CardTest.php" tests="4" assertions="6" errors="0" warnings="0" failures="0" skipped="0" time="0.001546">
        <testcase name="testCreateCard" class="App\Card\CardTest" classname="App.Card.CardTest" file="/Users/alexandracarlsson/dbwebb-kurser/mvc/me/report/tests/Card/CardTest.php" line="16" assertions="3" time="0.000695"/>
        <testcase name="testCardNumber" class="App\Card\CardTest" classname="App.Card.CardTest" file="/Users/alexandracarlsson/dbwebb-kurser/mvc/me/report/tests/Card/CardTest.php" line="29" assertions="1" time="0.000360"/>
        <testcase name="testCardColor" class="App\Card\CardTest" classname="App.Card.CardTest" file="/Users/alexandracarlsson/dbwebb-kurser/mvc/me/report/tests/Card/CardTest.php" line="40" assertions="1" time="0.000251"/>
        <testcase name="testCardGetAsString" class="App\Card\CardTest" classname="App.Card.CardTest" file="/Users/alexandracarlsson/dbwebb-kurser/mvc/me/report/tests/Card/CardTest.php" line="51" assertions="1" time="0.000240"/>
      </testsuite>
      <testsuite name="App\Card\DeckOfCardsTest" file="/Users/alexandracarlsson/dbwebb-kurser/mvc/me/report/tests/Card/DeckOfCardsTest.php" tests="3" assertions="4" errors="0" warnings="0" failures="0" skipped="0" time="0.004652">
        <testcase name="testDeckOfCards" class="App\Card\DeckOfCardsTest" classname="App.Card.DeckOfCardsTest" file="/Users/alexandracarlsson/dbwebb-kurser/mvc/me/report/tests/Card/DeckOfCardsTest.php" line="16" assertions="1" time="0.000757"/>
        <testcase name="testLeftDeckOfCards" class="App\Card\DeckOfCardsTest" classname="App.Card.DeckOfCardsTest" file="/Users/alexandracarlsson/dbwebb-kurser/mvc/me/report/tests/Card/DeckOfCardsTest.php" line="27" assertions="2" time="0.000400"/>
        <testcase name="testDeckOfCardsShuffled" class="App\Card\DeckOfCardsTest" classname="App.Card.DeckOfCardsTest" file="/Users/alexandracarlsson/dbwebb-kurser/mvc/me/report/tests/Card/DeckOfCardsTest.php" line="40" assertions="1" time="0.003495"/>
      </testsuite>
      <testsuite name="App\Controller\DiceGameControllerTest" file="/Users/alexandracarlsson/dbwebb-kurser/mvc/me/report/tests/Controller/DiceGameControllerTest.php" tests="1" assertions="1" errors="0" warnings="0" failures="0" skipped="0" time="0.002693">
        <testcase name="testStartPigGame" class="App\Controller\DiceGameControllerTest" classname="App.Controller.DiceGameControllerTest" file="/Users/alexandracarlsson/dbwebb-kurser/mvc/me/report/tests/Controller/DiceGameControllerTest.php" line="17" assertions="1" time="0.002693"/>
      </testsuite>
      <testsuite name="App\Dice\DiceHandTest" file="/Users/alexandracarlsson/dbwebb-kurser/mvc/me/report/tests/Dice/DiceHandTest.php" tests="1" assertions="1" errors="0" warnings="0" failures="0" skipped="0" time="0.009899">
        <testcase name="testAddStubbedDices" class="App\Dice\DiceHandTest" classname="App.Dice.DiceHandTest" file="/Users/alexandracarlsson/dbwebb-kurser/mvc/me/report/tests/Dice/DiceHandTest.php" line="15" assertions="1" time="0.009899"/>
      </testsuite>
      <testsuite name="App\Dice\DiceTest" file="/Users/alexandracarlsson/dbwebb-kurser/mvc/me/report/tests/Dice/DiceTest.php" tests="2" assertions="3" errors="0" warnings="0" failures="0" skipped="0" time="0.000974">
        <testcase name="testCreateDice" class="App\Dice\DiceTest" classname="App.Dice.DiceTest" file="/Users/alexandracarlsson/dbwebb-kurser/mvc/me/report/tests/Dice/DiceTest.php" line="16" assertions="2" time="0.000594"/>
        <testcase name="testStubRollDiceLastRoll" class="App\Dice\DiceTest" classname="App.Dice.DiceTest" file="/Users/alexandracarlsson/dbwebb-kurser/mvc/me/report/tests/Dice/DiceTest.php" line="28" assertions="1" time="0.000380"/>
      </testsuite>
      <testsuite name="App\Game\CardGraphicTest" file="/Users/alexandracarlsson/dbwebb-kurser/mvc/me/report/tests/Game/CardGraphicTest.php" tests="2" assertions="3" errors="0" warnings="0" failures="0" skipped="0" time="0.000996">
        <testcase name="testCardGraphic" class="App\Game\CardGraphicTest" classname="App.Game.CardGraphicTest" file="/Users/alexandracarlsson/dbwebb-kurser/mvc/me/report/tests/Game/CardGraphicTest.php" line="16" assertions="2" time="0.000713"/>
        <testcase name="testCardGraphicAsString" class="App\Game\CardGraphicTest" classname="App.Game.CardGraphicTest" file="/Users/alexandracarlsson/dbwebb-kurser/mvc/me/report/tests/Game/CardGraphicTest.php" line="27" assertions="1" time="0.000283"/>
      </testsuite>
      <testsuite name="App\Game\CardHandBankTest" file="/Users/alexandracarlsson/dbwebb-kurser/mvc/me/report/tests/Game/CardHandBankTest.php" tests="6" assertions="7" errors="0" warnings="0" failures="0" skipped="0" time="0.002058">
        <testcase name="testCardAddCardBank" class="App\Game\CardHandBankTest" classname="App.Game.CardHandBankTest" file="/Users/alexandracarlsson/dbwebb-kurser/mvc/me/report/tests/Game/CardHandBankTest.php" line="16" assertions="1" time="0.000683"/>
        <testcase name="testBankGetValues" class="App\Game\CardHandBankTest" classname="App.Game.CardHandBankTest" file="/Users/alexandracarlsson/dbwebb-kurser/mvc/me/report/tests/Game/CardHandBankTest.php" line="28" assertions="1" time="0.000331"/>
        <testcase name="testBankGetTotalValueEss" class="App\Game\CardHandBankTest" classname="App.Game.CardHandBankTest" file="/Users/alexandracarlsson/dbwebb-kurser/mvc/me/report/tests/Game/CardHandBankTest.php" line="41" assertions="1" time="0.000273"/>
        <testcase name="testBankGetTotalValue" class="App\Game\CardHandBankTest" classname="App.Game.CardHandBankTest" file="/Users/alexandracarlsson/dbwebb-kurser/mvc/me/report/tests/Game/CardHandBankTest.php" line="55" assertions="1" time="0.000255"/>
        <testcase name="testCardGetString" class="App\Game\CardHandBankTest" classname="App.Game.CardHandBankTest" file="/Users/alexandracarlsson/dbwebb-kurser/mvc/me/report/tests/Game/CardHandBankTest.php" line="68" assertions="1" time="0.000262"/>
        <testcase name="testBankGetCards" class="App\Game\CardHandBankTest" classname="App.Game.CardHandBankTest" file="/Users/alexandracarlsson/dbwebb-kurser/mvc/me/report/tests/Game/CardHandBankTest.php" line="82" assertions="2" time="0.000254"/>
      </testsuite>
      <testsuite name="App\Game\CardHandPlayerTest" file="/Users/alexandracarlsson/dbwebb-kurser/mvc/me/report/tests/Game/CardHandPlayerTest.php" tests="5" assertions="6" errors="0" warnings="0" failures="0" skipped="0" time="0.001774">
        <testcase name="testCardAddCardplayer" class="App\Game\CardHandPlayerTest" classname="App.Game.CardHandPlayerTest" file="/Users/alexandracarlsson/dbwebb-kurser/mvc/me/report/tests/Game/CardHandPlayerTest.php" line="16" assertions="1" time="0.000669"/>
        <testcase name="testPlayerGetValues" class="App\Game\CardHandPlayerTest" classname="App.Game.CardHandPlayerTest" file="/Users/alexandracarlsson/dbwebb-kurser/mvc/me/report/tests/Game/CardHandPlayerTest.php" line="28" assertions="1" time="0.000258"/>
        <testcase name="testPlayerGetTotalValueEss" class="App\Game\CardHandPlayerTest" classname="App.Game.CardHandPlayerTest" file="/Users/alexandracarlsson/dbwebb-kurser/mvc/me/report/tests/Game/CardHandPlayerTest.php" line="41" assertions="1" time="0.000265"/>
        <testcase name="testCardPlayerGetString" class="App\Game\CardHandPlayerTest" classname="App.Game.CardHandPlayerTest" file="/Users/alexandracarlsson/dbwebb-kurser/mvc/me/report/tests/Game/CardHandPlayerTest.php" line="55" assertions="1" time="0.000259"/>
        <testcase name="testPlayerGetCards" class="App\Game\CardHandPlayerTest" classname="App.Game.CardHandPlayerTest" file="/Users/alexandracarlsson/dbwebb-kurser/mvc/me/report/tests/Game/CardHandPlayerTest.php" line="69" assertions="2" time="0.000323"/>
      </testsuite>
      <testsuite name="App\Game\CardTest" file="/Users/alexandracarlsson/dbwebb-kurser/mvc/me/report/tests/Game/CardTest.php" tests="6" assertions="8" errors="0" warnings="0" failures="0" skipped="0" time="0.001556">
        <testcase name="testCreateCard" class="App\Game\CardTest" classname="App.Game.CardTest" file="/Users/alexandracarlsson/dbwebb-kurser/mvc/me/report/tests/Game/CardTest.php" line="16" assertions="3" time="0.000387"/>
        <testcase name="testCardNumber" class="App\Game\CardTest" classname="App.Game.CardTest" file="/Users/alexandracarlsson/dbwebb-kurser/mvc/me/report/tests/Game/CardTest.php" line="29" assertions="1" time="0.000242"/>
        <testcase name="testCardColor" class="App\Game\CardTest" classname="App.Game.CardTest" file="/Users/alexandracarlsson/dbwebb-kurser/mvc/me/report/tests/Game/CardTest.php" line="40" assertions="1" time="0.000232"/>
        <testcase name="testCardNumberValue" class="App\Game\CardTest" classname="App.Game.CardTest" file="/Users/alexandracarlsson/dbwebb-kurser/mvc/me/report/tests/Game/CardTest.php" line="51" assertions="1" time="0.000232"/>
        <testcase name="testCardShowCard" class="App\Game\CardTest" classname="App.Game.CardTest" file="/Users/alexandracarlsson/dbwebb-kurser/mvc/me/report/tests/Game/CardTest.php" line="62" assertions="1" time="0.000233"/>
        <testcase name="testCardGetAsString" class="App\Game\CardTest" classname="App.Game.CardTest" file="/Users/alexandracarlsson/dbwebb-kurser/mvc/me/report/tests/Game/CardTest.php" line="73" assertions="1" time="0.000230"/>
      </testsuite>
      <testsuite name="App\Game\DeckOfCardsTest" file="/Users/alexandracarlsson/dbwebb-kurser/mvc/me/report/tests/Game/DeckOfCardsTest.php" tests="3" assertions="4" errors="0" warnings="0" failures="0" skipped="0" time="0.003406">
        <testcase name="testDeckOfCards" class="App\Game\DeckOfCardsTest" classname="App.Game.DeckOfCardsTest" file="/Users/alexandracarlsson/dbwebb-kurser/mvc/me/report/tests/Game/DeckOfCardsTest.php" line="16" assertions="1" time="0.000815"/>
        <testcase name="testLeftDeckOfCards" class="App\Game\DeckOfCardsTest" classname="App.Game.DeckOfCardsTest" file="/Users/alexandracarlsson/dbwebb-kurser/mvc/me/report/tests/Game/DeckOfCardsTest.php" line="27" assertions="2" time="0.000376"/>
        <testcase name="testDeckOfCardsShuffled" class="App\Game\DeckOfCardsTest" classname="App.Game.DeckOfCardsTest" file="/Users/alexandracarlsson/dbwebb-kurser/mvc/me/report/tests/Game/DeckOfCardsTest.php" line="40" assertions="1" time="0.002215"/>
      </testsuite>
    </testsuite>
  </testsuite>
</testsuites>
