<?xml version="1.0" encoding="UTF-8"?>
<testsuites>
  <testsuite name="" tests="41" assertions="55" errors="0" warnings="0" failures="0" skipped="0" time="0.342775">
    <testsuite name="Project Test Suite" tests="41" assertions="55" errors="0" warnings="0" failures="0" skipped="0" time="0.342775">
      <testsuite name="App\Card\CardGraphicTest" file="/Users/alexandracarlsson/dbwebb-kurser/mvc/me/report/tests/Card/CardGraphicTest.php" tests="2" assertions="3" errors="0" warnings="0" failures="0" skipped="0" time="0.006336">
        <testcase name="testCardGraphic" class="App\Card\CardGraphicTest" classname="App.Card.CardGraphicTest" file="/Users/alexandracarlsson/dbwebb-kurser/mvc/me/report/tests/Card/CardGraphicTest.php" line="16" assertions="2" time="0.006050"/>
        <testcase name="testCardGraphicAsString" class="App\Card\CardGraphicTest" classname="App.Card.CardGraphicTest" file="/Users/alexandracarlsson/dbwebb-kurser/mvc/me/report/tests/Card/CardGraphicTest.php" line="27" assertions="1" time="0.000286"/>
      </testsuite>
      <testsuite name="App\Card\CardHandTest" file="/Users/alexandracarlsson/dbwebb-kurser/mvc/me/report/tests/Card/CardHandTest.php" tests="4" assertions="5" errors="0" warnings="0" failures="0" skipped="0" time="0.003067">
        <testcase name="testCardAdd" class="App\Card\CardHandTest" classname="App.Card.CardHandTest" file="/Users/alexandracarlsson/dbwebb-kurser/mvc/me/report/tests/Card/CardHandTest.php" line="16" assertions="1" time="0.000824"/>
        <testcase name="testGetValues" class="App\Card\CardHandTest" classname="App.Card.CardHandTest" file="/Users/alexandracarlsson/dbwebb-kurser/mvc/me/report/tests/Card/CardHandTest.php" line="28" assertions="1" time="0.000947"/>
        <testcase name="testCardGetString" class="App\Card\CardHandTest" classname="App.Card.CardHandTest" file="/Users/alexandracarlsson/dbwebb-kurser/mvc/me/report/tests/Card/CardHandTest.php" line="41" assertions="1" time="0.000321"/>
        <testcase name="testGetCards" class="App\Card\CardHandTest" classname="App.Card.CardHandTest" file="/Users/alexandracarlsson/dbwebb-kurser/mvc/me/report/tests/Card/CardHandTest.php" line="55" assertions="2" time="0.000976"/>
      </testsuite>
      <testsuite name="App\Card\CardTest" file="/Users/alexandracarlsson/dbwebb-kurser/mvc/me/report/tests/Card/CardTest.php" tests="4" assertions="6" errors="0" warnings="0" failures="0" skipped="0" time="0.001469">
        <testcase name="testCreateCard" class="App\Card\CardTest" classname="App.Card.CardTest" file="/Users/alexandracarlsson/dbwebb-kurser/mvc/me/report/tests/Card/CardTest.php" line="16" assertions="3" time="0.000621"/>
        <testcase name="testCardNumber" class="App\Card\CardTest" classname="App.Card.CardTest" file="/Users/alexandracarlsson/dbwebb-kurser/mvc/me/report/tests/Card/CardTest.php" line="29" assertions="1" time="0.000304"/>
        <testcase name="testCardColor" class="App\Card\CardTest" classname="App.Card.CardTest" file="/Users/alexandracarlsson/dbwebb-kurser/mvc/me/report/tests/Card/CardTest.php" line="40" assertions="1" time="0.000276"/>
        <testcase name="testCardGetAsString" class="App\Card\CardTest" classname="App.Card.CardTest" file="/Users/alexandracarlsson/dbwebb-kurser/mvc/me/report/tests/Card/CardTest.php" line="51" assertions="1" time="0.000269"/>
      </testsuite>
      <testsuite name="App\Card\DeckOfCardsTest" file="/Users/alexandracarlsson/dbwebb-kurser/mvc/me/report/tests/Card/DeckOfCardsTest.php" tests="3" assertions="4" errors="0" warnings="0" failures="0" skipped="0" time="0.005181">
        <testcase name="testDeckOfCards" class="App\Card\DeckOfCardsTest" classname="App.Card.DeckOfCardsTest" file="/Users/alexandracarlsson/dbwebb-kurser/mvc/me/report/tests/Card/DeckOfCardsTest.php" line="16" assertions="1" time="0.000924"/>
        <testcase name="testLeftDeckOfCards" class="App\Card\DeckOfCardsTest" classname="App.Card.DeckOfCardsTest" file="/Users/alexandracarlsson/dbwebb-kurser/mvc/me/report/tests/Card/DeckOfCardsTest.php" line="27" assertions="2" time="0.000431"/>
        <testcase name="testDeckOfCardsShuffled" class="App\Card\DeckOfCardsTest" classname="App.Card.DeckOfCardsTest" file="/Users/alexandracarlsson/dbwebb-kurser/mvc/me/report/tests/Card/DeckOfCardsTest.php" line="40" assertions="1" time="0.003826"/>
      </testsuite>
      <testsuite name="App\Controller\DiceGameControllerTest" file="/Users/alexandracarlsson/dbwebb-kurser/mvc/me/report/tests/Controller/DiceGameControllerTest.php" tests="3" assertions="5" errors="0" warnings="0" failures="0" skipped="0" time="0.304426">
        <testcase name="testStartPigGame" class="App\Controller\DiceGameControllerTest" classname="App.Controller.DiceGameControllerTest" file="/Users/alexandracarlsson/dbwebb-kurser/mvc/me/report/tests/Controller/DiceGameControllerTest.php" line="17" assertions="1" time="0.003121"/>
        <testcase name="testPigGameInit" class="App\Controller\DiceGameControllerTest" classname="App.Controller.DiceGameControllerTest" file="/Users/alexandracarlsson/dbwebb-kurser/mvc/me/report/tests/Controller/DiceGameControllerTest.php" line="25" assertions="2" time="0.281221"/>
        <testcase name="testPigInitPostRedirects" class="App\Controller\DiceGameControllerTest" classname="App.Controller.DiceGameControllerTest" file="/Users/alexandracarlsson/dbwebb-kurser/mvc/me/report/tests/Controller/DiceGameControllerTest.php" line="34" assertions="2" time="0.020084"/>
      </testsuite>
      <testsuite name="App\Dice\DiceHandTest" file="/Users/alexandracarlsson/dbwebb-kurser/mvc/me/report/tests/Dice/DiceHandTest.php" tests="1" assertions="1" errors="0" warnings="0" failures="0" skipped="0" time="0.010093">
        <testcase name="testAddStubbedDices" class="App\Dice\DiceHandTest" classname="App.Dice.DiceHandTest" file="/Users/alexandracarlsson/dbwebb-kurser/mvc/me/report/tests/Dice/DiceHandTest.php" line="15" assertions="1" time="0.010093"/>
      </testsuite>
      <testsuite name="App\Dice\DiceTest" file="/Users/alexandracarlsson/dbwebb-kurser/mvc/me/report/tests/Dice/DiceTest.php" tests="2" assertions="3" errors="0" warnings="0" failures="0" skipped="0" time="0.001028">
        <testcase name="testCreateDice" class="App\Dice\DiceTest" classname="App.Dice.DiceTest" file="/Users/alexandracarlsson/dbwebb-kurser/mvc/me/report/tests/Dice/DiceTest.php" line="16" assertions="2" time="0.000608"/>
        <testcase name="testStubRollDiceLastRoll" class="App\Dice\DiceTest" classname="App.Dice.DiceTest" file="/Users/alexandracarlsson/dbwebb-kurser/mvc/me/report/tests/Dice/DiceTest.php" line="28" assertions="1" time="0.000419"/>
      </testsuite>
      <testsuite name="App\Game\CardGraphicTest" file="/Users/alexandracarlsson/dbwebb-kurser/mvc/me/report/tests/Game/CardGraphicTest.php" tests="2" assertions="3" errors="0" warnings="0" failures="0" skipped="0" time="0.001487">
        <testcase name="testCardGraphic" class="App\Game\CardGraphicTest" classname="App.Game.CardGraphicTest" file="/Users/alexandracarlsson/dbwebb-kurser/mvc/me/report/tests/Game/CardGraphicTest.php" line="16" assertions="2" time="0.001054"/>
        <testcase name="testCardGraphicAsString" class="App\Game\CardGraphicTest" classname="App.Game.CardGraphicTest" file="/Users/alexandracarlsson/dbwebb-kurser/mvc/me/report/tests/Game/CardGraphicTest.php" line="27" assertions="1" time="0.000434"/>
      </testsuite>
      <testsuite name="App\Game\CardHandBankTest" file="/Users/alexandracarlsson/dbwebb-kurser/mvc/me/report/tests/Game/CardHandBankTest.php" tests="6" assertions="7" errors="0" warnings="0" failures="0" skipped="0" time="0.002519">
        <testcase name="testCardAddCardBank" class="App\Game\CardHandBankTest" classname="App.Game.CardHandBankTest" file="/Users/alexandracarlsson/dbwebb-kurser/mvc/me/report/tests/Game/CardHandBankTest.php" line="16" assertions="1" time="0.001020"/>
        <testcase name="testBankGetValues" class="App\Game\CardHandBankTest" classname="App.Game.CardHandBankTest" file="/Users/alexandracarlsson/dbwebb-kurser/mvc/me/report/tests/Game/CardHandBankTest.php" line="28" assertions="1" time="0.000300"/>
        <testcase name="testBankGetTotalValueEss" class="App\Game\CardHandBankTest" classname="App.Game.CardHandBankTest" file="/Users/alexandracarlsson/dbwebb-kurser/mvc/me/report/tests/Game/CardHandBankTest.php" line="41" assertions="1" time="0.000310"/>
        <testcase name="testBankGetTotalValue" class="App\Game\CardHandBankTest" classname="App.Game.CardHandBankTest" file="/Users/alexandracarlsson/dbwebb-kurser/mvc/me/report/tests/Game/CardHandBankTest.php" line="55" assertions="1" time="0.000295"/>
        <testcase name="testCardGetString" class="App\Game\CardHandBankTest" classname="App.Game.CardHandBankTest" file="/Users/alexandracarlsson/dbwebb-kurser/mvc/me/report/tests/Game/CardHandBankTest.php" line="68" assertions="1" time="0.000302"/>
        <testcase name="testBankGetCards" class="App\Game\CardHandBankTest" classname="App.Game.CardHandBankTest" file="/Users/alexandracarlsson/dbwebb-kurser/mvc/me/report/tests/Game/CardHandBankTest.php" line="82" assertions="2" time="0.000292"/>
      </testsuite>
      <testsuite name="App\Game\CardHandPlayerTest" file="/Users/alexandracarlsson/dbwebb-kurser/mvc/me/report/tests/Game/CardHandPlayerTest.php" tests="5" assertions="6" errors="0" warnings="0" failures="0" skipped="0" time="0.002069">
        <testcase name="testCardAddCardplayer" class="App\Game\CardHandPlayerTest" classname="App.Game.CardHandPlayerTest" file="/Users/alexandracarlsson/dbwebb-kurser/mvc/me/report/tests/Game/CardHandPlayerTest.php" line="16" assertions="1" time="0.000865"/>
        <testcase name="testPlayerGetValues" class="App\Game\CardHandPlayerTest" classname="App.Game.CardHandPlayerTest" file="/Users/alexandracarlsson/dbwebb-kurser/mvc/me/report/tests/Game/CardHandPlayerTest.php" line="28" assertions="1" time="0.000311"/>
        <testcase name="testPlayerGetTotalValueEss" class="App\Game\CardHandPlayerTest" classname="App.Game.CardHandPlayerTest" file="/Users/alexandracarlsson/dbwebb-kurser/mvc/me/report/tests/Game/CardHandPlayerTest.php" line="41" assertions="1" time="0.000302"/>
        <testcase name="testCardPlayerGetString" class="App\Game\CardHandPlayerTest" classname="App.Game.CardHandPlayerTest" file="/Users/alexandracarlsson/dbwebb-kurser/mvc/me/report/tests/Game/CardHandPlayerTest.php" line="55" assertions="1" time="0.000299"/>
        <testcase name="testPlayerGetCards" class="App\Game\CardHandPlayerTest" classname="App.Game.CardHandPlayerTest" file="/Users/alexandracarlsson/dbwebb-kurser/mvc/me/report/tests/Game/CardHandPlayerTest.php" line="69" assertions="2" time="0.000291"/>
      </testsuite>
      <testsuite name="App\Game\CardTest" file="/Users/alexandracarlsson/dbwebb-kurser/mvc/me/report/tests/Game/CardTest.php" tests="6" assertions="8" errors="0" warnings="0" failures="0" skipped="0" time="0.001559">
        <testcase name="testCreateCard" class="App\Game\CardTest" classname="App.Game.CardTest" file="/Users/alexandracarlsson/dbwebb-kurser/mvc/me/report/tests/Game/CardTest.php" line="16" assertions="3" time="0.000259"/>
        <testcase name="testCardNumber" class="App\Game\CardTest" classname="App.Game.CardTest" file="/Users/alexandracarlsson/dbwebb-kurser/mvc/me/report/tests/Game/CardTest.php" line="29" assertions="1" time="0.000297"/>
        <testcase name="testCardColor" class="App\Game\CardTest" classname="App.Game.CardTest" file="/Users/alexandracarlsson/dbwebb-kurser/mvc/me/report/tests/Game/CardTest.php" line="40" assertions="1" time="0.000262"/>
        <testcase name="testCardNumberValue" class="App\Game\CardTest" classname="App.Game.CardTest" file="/Users/alexandracarlsson/dbwebb-kurser/mvc/me/report/tests/Game/CardTest.php" line="51" assertions="1" time="0.000249"/>
        <testcase name="testCardShowCard" class="App\Game\CardTest" classname="App.Game.CardTest" file="/Users/alexandracarlsson/dbwebb-kurser/mvc/me/report/tests/Game/CardTest.php" line="62" assertions="1" time="0.000248"/>
        <testcase name="testCardGetAsString" class="App\Game\CardTest" classname="App.Game.CardTest" file="/Users/alexandracarlsson/dbwebb-kurser/mvc/me/report/tests/Game/CardTest.php" line="73" assertions="1" time="0.000244"/>
      </testsuite>
      <testsuite name="App\Game\DeckOfCardsTest" file="/Users/alexandracarlsson/dbwebb-kurser/mvc/me/report/tests/Game/DeckOfCardsTest.php" tests="3" assertions="4" errors="0" warnings="0" failures="0" skipped="0" time="0.003540">
        <testcase name="testDeckOfCards" class="App\Game\DeckOfCardsTest" classname="App.Game.DeckOfCardsTest" file="/Users/alexandracarlsson/dbwebb-kurser/mvc/me/report/tests/Game/DeckOfCardsTest.php" line="16" assertions="1" time="0.000962"/>
        <testcase name="testLeftDeckOfCards" class="App\Game\DeckOfCardsTest" classname="App.Game.DeckOfCardsTest" file="/Users/alexandracarlsson/dbwebb-kurser/mvc/me/report/tests/Game/DeckOfCardsTest.php" line="27" assertions="2" time="0.000420"/>
        <testcase name="testDeckOfCardsShuffled" class="App\Game\DeckOfCardsTest" classname="App.Game.DeckOfCardsTest" file="/Users/alexandracarlsson/dbwebb-kurser/mvc/me/report/tests/Game/DeckOfCardsTest.php" line="40" assertions="1" time="0.002158"/>
      </testsuite>
    </testsuite>
  </testsuite>
</testsuites>
