<?xml version="1.0" encoding="UTF-8"?>
<testsuites>
  <testsuite name="" tests="43" assertions="60" errors="0" warnings="0" failures="0" skipped="0" time="0.302019">
    <testsuite name="Project Test Suite" tests="43" assertions="60" errors="0" warnings="0" failures="0" skipped="0" time="0.302019">
      <testsuite name="App\Card\CardGraphicTest" file="/Users/alexandracarlsson/dbwebb-kurser/mvc/me/report/tests/Card/CardGraphicTest.php" tests="2" assertions="3" errors="0" warnings="0" failures="0" skipped="0" time="0.006157">
        <testcase name="testCardGraphic" class="App\Card\CardGraphicTest" classname="App.Card.CardGraphicTest" file="/Users/alexandracarlsson/dbwebb-kurser/mvc/me/report/tests/Card/CardGraphicTest.php" line="16" assertions="2" time="0.005864"/>
        <testcase name="testCardGraphicAsString" class="App\Card\CardGraphicTest" classname="App.Card.CardGraphicTest" file="/Users/alexandracarlsson/dbwebb-kurser/mvc/me/report/tests/Card/CardGraphicTest.php" line="27" assertions="1" time="0.000294"/>
      </testsuite>
      <testsuite name="App\Card\CardHandTest" file="/Users/alexandracarlsson/dbwebb-kurser/mvc/me/report/tests/Card/CardHandTest.php" tests="4" assertions="5" errors="0" warnings="0" failures="0" skipped="0" time="0.002726">
        <testcase name="testCardAdd" class="App\Card\CardHandTest" classname="App.Card.CardHandTest" file="/Users/alexandracarlsson/dbwebb-kurser/mvc/me/report/tests/Card/CardHandTest.php" line="16" assertions="1" time="0.000655"/>
        <testcase name="testGetValues" class="App\Card\CardHandTest" classname="App.Card.CardHandTest" file="/Users/alexandracarlsson/dbwebb-kurser/mvc/me/report/tests/Card/CardHandTest.php" line="28" assertions="1" time="0.000801"/>
        <testcase name="testCardGetString" class="App\Card\CardHandTest" classname="App.Card.CardHandTest" file="/Users/alexandracarlsson/dbwebb-kurser/mvc/me/report/tests/Card/CardHandTest.php" line="41" assertions="1" time="0.000289"/>
        <testcase name="testGetCards" class="App\Card\CardHandTest" classname="App.Card.CardHandTest" file="/Users/alexandracarlsson/dbwebb-kurser/mvc/me/report/tests/Card/CardHandTest.php" line="55" assertions="2" time="0.000980"/>
      </testsuite>
      <testsuite name="App\Card\CardTest" file="/Users/alexandracarlsson/dbwebb-kurser/mvc/me/report/tests/Card/CardTest.php" tests="4" assertions="6" errors="0" warnings="0" failures="0" skipped="0" time="0.001471">
        <testcase name="testCreateCard" class="App\Card\CardTest" classname="App.Card.CardTest" file="/Users/alexandracarlsson/dbwebb-kurser/mvc/me/report/tests/Card/CardTest.php" line="16" assertions="3" time="0.000690"/>
        <testcase name="testCardNumber" class="App\Card\CardTest" classname="App.Card.CardTest" file="/Users/alexandracarlsson/dbwebb-kurser/mvc/me/report/tests/Card/CardTest.php" line="29" assertions="1" time="0.000257"/>
        <testcase name="testCardColor" class="App\Card\CardTest" classname="App.Card.CardTest" file="/Users/alexandracarlsson/dbwebb-kurser/mvc/me/report/tests/Card/CardTest.php" line="40" assertions="1" time="0.000271"/>
        <testcase name="testCardGetAsString" class="App\Card\CardTest" classname="App.Card.CardTest" file="/Users/alexandracarlsson/dbwebb-kurser/mvc/me/report/tests/Card/CardTest.php" line="51" assertions="1" time="0.000253"/>
      </testsuite>
      <testsuite name="App\Card\DeckOfCardsTest" file="/Users/alexandracarlsson/dbwebb-kurser/mvc/me/report/tests/Card/DeckOfCardsTest.php" tests="3" assertions="4" errors="0" warnings="0" failures="0" skipped="0" time="0.004637">
        <testcase name="testDeckOfCards" class="App\Card\DeckOfCardsTest" classname="App.Card.DeckOfCardsTest" file="/Users/alexandracarlsson/dbwebb-kurser/mvc/me/report/tests/Card/DeckOfCardsTest.php" line="16" assertions="1" time="0.000755"/>
        <testcase name="testLeftDeckOfCards" class="App\Card\DeckOfCardsTest" classname="App.Card.DeckOfCardsTest" file="/Users/alexandracarlsson/dbwebb-kurser/mvc/me/report/tests/Card/DeckOfCardsTest.php" line="27" assertions="2" time="0.000405"/>
        <testcase name="testDeckOfCardsShuffled" class="App\Card\DeckOfCardsTest" classname="App.Card.DeckOfCardsTest" file="/Users/alexandracarlsson/dbwebb-kurser/mvc/me/report/tests/Card/DeckOfCardsTest.php" line="40" assertions="1" time="0.003477"/>
      </testsuite>
      <testsuite name="App\Tests\Controller\ProjectControllerTest" file="/Users/alexandracarlsson/dbwebb-kurser/mvc/me/report/tests/Controller/ProjectControllerTest.php" tests="5" assertions="10" errors="0" warnings="0" failures="0" skipped="0" time="0.265828">
        <testcase name="testHomeRoute" class="App\Tests\Controller\ProjectControllerTest" classname="App.Tests.Controller.ProjectControllerTest" file="/Users/alexandracarlsson/dbwebb-kurser/mvc/me/report/tests/Controller/ProjectControllerTest.php" line="16" assertions="2" time="0.178512"/>
        <testcase name="testRouteAbout" class="App\Tests\Controller\ProjectControllerTest" classname="App.Tests.Controller.ProjectControllerTest" file="/Users/alexandracarlsson/dbwebb-kurser/mvc/me/report/tests/Controller/ProjectControllerTest.php" line="29" assertions="2" time="0.014679"/>
        <testcase name="testRouteHalsa" class="App\Tests\Controller\ProjectControllerTest" classname="App.Tests.Controller.ProjectControllerTest" file="/Users/alexandracarlsson/dbwebb-kurser/mvc/me/report/tests/Controller/ProjectControllerTest.php" line="42" assertions="2" time="0.014806"/>
        <testcase name="testRouteDiagMat" class="App\Tests\Controller\ProjectControllerTest" classname="App.Tests.Controller.ProjectControllerTest" file="/Users/alexandracarlsson/dbwebb-kurser/mvc/me/report/tests/Controller/ProjectControllerTest.php" line="55" assertions="2" time="0.019361"/>
        <testcase name="testRouteDiagBarn" class="App\Tests\Controller\ProjectControllerTest" classname="App.Tests.Controller.ProjectControllerTest" file="/Users/alexandracarlsson/dbwebb-kurser/mvc/me/report/tests/Controller/ProjectControllerTest.php" line="68" assertions="2" time="0.038470"/>
      </testsuite>
      <testsuite name="App\Dice\DiceHandTest" file="/Users/alexandracarlsson/dbwebb-kurser/mvc/me/report/tests/Dice/DiceHandTest.php" tests="1" assertions="1" errors="0" warnings="0" failures="0" skipped="0" time="0.010324">
        <testcase name="testAddStubbedDices" class="App\Dice\DiceHandTest" classname="App.Dice.DiceHandTest" file="/Users/alexandracarlsson/dbwebb-kurser/mvc/me/report/tests/Dice/DiceHandTest.php" line="15" assertions="1" time="0.010324"/>
      </testsuite>
      <testsuite name="App\Dice\DiceTest" file="/Users/alexandracarlsson/dbwebb-kurser/mvc/me/report/tests/Dice/DiceTest.php" tests="2" assertions="3" errors="0" warnings="0" failures="0" skipped="0" time="0.001002">
        <testcase name="testCreateDice" class="App\Dice\DiceTest" classname="App.Dice.DiceTest" file="/Users/alexandracarlsson/dbwebb-kurser/mvc/me/report/tests/Dice/DiceTest.php" line="16" assertions="2" time="0.000606"/>
        <testcase name="testStubRollDiceLastRoll" class="App\Dice\DiceTest" classname="App.Dice.DiceTest" file="/Users/alexandracarlsson/dbwebb-kurser/mvc/me/report/tests/Dice/DiceTest.php" line="28" assertions="1" time="0.000396"/>
      </testsuite>
      <testsuite name="App\Game\CardGraphicTest" file="/Users/alexandracarlsson/dbwebb-kurser/mvc/me/report/tests/Game/CardGraphicTest.php" tests="2" assertions="3" errors="0" warnings="0" failures="0" skipped="0" time="0.001038">
        <testcase name="testCardGraphic" class="App\Game\CardGraphicTest" classname="App.Game.CardGraphicTest" file="/Users/alexandracarlsson/dbwebb-kurser/mvc/me/report/tests/Game/CardGraphicTest.php" line="16" assertions="2" time="0.000747"/>
        <testcase name="testCardGraphicAsString" class="App\Game\CardGraphicTest" classname="App.Game.CardGraphicTest" file="/Users/alexandracarlsson/dbwebb-kurser/mvc/me/report/tests/Game/CardGraphicTest.php" line="27" assertions="1" time="0.000291"/>
      </testsuite>
      <testsuite name="App\Game\CardHandBankTest" file="/Users/alexandracarlsson/dbwebb-kurser/mvc/me/report/tests/Game/CardHandBankTest.php" tests="6" assertions="7" errors="0" warnings="0" failures="0" skipped="0" time="0.002146">
        <testcase name="testCardAddCardBank" class="App\Game\CardHandBankTest" classname="App.Game.CardHandBankTest" file="/Users/alexandracarlsson/dbwebb-kurser/mvc/me/report/tests/Game/CardHandBankTest.php" line="16" assertions="1" time="0.000738"/>
        <testcase name="testBankGetValues" class="App\Game\CardHandBankTest" classname="App.Game.CardHandBankTest" file="/Users/alexandracarlsson/dbwebb-kurser/mvc/me/report/tests/Game/CardHandBankTest.php" line="28" assertions="1" time="0.000289"/>
        <testcase name="testBankGetTotalValueEss" class="App\Game\CardHandBankTest" classname="App.Game.CardHandBankTest" file="/Users/alexandracarlsson/dbwebb-kurser/mvc/me/report/tests/Game/CardHandBankTest.php" line="41" assertions="1" time="0.000288"/>
        <testcase name="testBankGetTotalValue" class="App\Game\CardHandBankTest" classname="App.Game.CardHandBankTest" file="/Users/alexandracarlsson/dbwebb-kurser/mvc/me/report/tests/Game/CardHandBankTest.php" line="55" assertions="1" time="0.000305"/>
        <testcase name="testCardGetString" class="App\Game\CardHandBankTest" classname="App.Game.CardHandBankTest" file="/Users/alexandracarlsson/dbwebb-kurser/mvc/me/report/tests/Game/CardHandBankTest.php" line="68" assertions="1" time="0.000267"/>
        <testcase name="testBankGetCards" class="App\Game\CardHandBankTest" classname="App.Game.CardHandBankTest" file="/Users/alexandracarlsson/dbwebb-kurser/mvc/me/report/tests/Game/CardHandBankTest.php" line="82" assertions="2" time="0.000260"/>
      </testsuite>
      <testsuite name="App\Game\CardHandPlayerTest" file="/Users/alexandracarlsson/dbwebb-kurser/mvc/me/report/tests/Game/CardHandPlayerTest.php" tests="5" assertions="6" errors="0" warnings="0" failures="0" skipped="0" time="0.001827">
        <testcase name="testCardAddCardplayer" class="App\Game\CardHandPlayerTest" classname="App.Game.CardHandPlayerTest" file="/Users/alexandracarlsson/dbwebb-kurser/mvc/me/report/tests/Game/CardHandPlayerTest.php" line="16" assertions="1" time="0.000731"/>
        <testcase name="testPlayerGetValues" class="App\Game\CardHandPlayerTest" classname="App.Game.CardHandPlayerTest" file="/Users/alexandracarlsson/dbwebb-kurser/mvc/me/report/tests/Game/CardHandPlayerTest.php" line="28" assertions="1" time="0.000281"/>
        <testcase name="testPlayerGetTotalValueEss" class="App\Game\CardHandPlayerTest" classname="App.Game.CardHandPlayerTest" file="/Users/alexandracarlsson/dbwebb-kurser/mvc/me/report/tests/Game/CardHandPlayerTest.php" line="41" assertions="1" time="0.000274"/>
        <testcase name="testCardPlayerGetString" class="App\Game\CardHandPlayerTest" classname="App.Game.CardHandPlayerTest" file="/Users/alexandracarlsson/dbwebb-kurser/mvc/me/report/tests/Game/CardHandPlayerTest.php" line="55" assertions="1" time="0.000272"/>
        <testcase name="testPlayerGetCards" class="App\Game\CardHandPlayerTest" classname="App.Game.CardHandPlayerTest" file="/Users/alexandracarlsson/dbwebb-kurser/mvc/me/report/tests/Game/CardHandPlayerTest.php" line="69" assertions="2" time="0.000269"/>
      </testsuite>
      <testsuite name="App\Game\CardTest" file="/Users/alexandracarlsson/dbwebb-kurser/mvc/me/report/tests/Game/CardTest.php" tests="6" assertions="8" errors="0" warnings="0" failures="0" skipped="0" time="0.001471">
        <testcase name="testCreateCard" class="App\Game\CardTest" classname="App.Game.CardTest" file="/Users/alexandracarlsson/dbwebb-kurser/mvc/me/report/tests/Game/CardTest.php" line="16" assertions="3" time="0.000253"/>
        <testcase name="testCardNumber" class="App\Game\CardTest" classname="App.Game.CardTest" file="/Users/alexandracarlsson/dbwebb-kurser/mvc/me/report/tests/Game/CardTest.php" line="29" assertions="1" time="0.000236"/>
        <testcase name="testCardColor" class="App\Game\CardTest" classname="App.Game.CardTest" file="/Users/alexandracarlsson/dbwebb-kurser/mvc/me/report/tests/Game/CardTest.php" line="40" assertions="1" time="0.000242"/>
        <testcase name="testCardNumberValue" class="App\Game\CardTest" classname="App.Game.CardTest" file="/Users/alexandracarlsson/dbwebb-kurser/mvc/me/report/tests/Game/CardTest.php" line="51" assertions="1" time="0.000234"/>
        <testcase name="testCardShowCard" class="App\Game\CardTest" classname="App.Game.CardTest" file="/Users/alexandracarlsson/dbwebb-kurser/mvc/me/report/tests/Game/CardTest.php" line="62" assertions="1" time="0.000266"/>
        <testcase name="testCardGetAsString" class="App\Game\CardTest" classname="App.Game.CardTest" file="/Users/alexandracarlsson/dbwebb-kurser/mvc/me/report/tests/Game/CardTest.php" line="73" assertions="1" time="0.000240"/>
      </testsuite>
      <testsuite name="App\Game\DeckOfCardsTest" file="/Users/alexandracarlsson/dbwebb-kurser/mvc/me/report/tests/Game/DeckOfCardsTest.php" tests="3" assertions="4" errors="0" warnings="0" failures="0" skipped="0" time="0.003392">
        <testcase name="testDeckOfCards" class="App\Game\DeckOfCardsTest" classname="App.Game.DeckOfCardsTest" file="/Users/alexandracarlsson/dbwebb-kurser/mvc/me/report/tests/Game/DeckOfCardsTest.php" line="16" assertions="1" time="0.000789"/>
        <testcase name="testLeftDeckOfCards" class="App\Game\DeckOfCardsTest" classname="App.Game.DeckOfCardsTest" file="/Users/alexandracarlsson/dbwebb-kurser/mvc/me/report/tests/Game/DeckOfCardsTest.php" line="27" assertions="2" time="0.000441"/>
        <testcase name="testDeckOfCardsShuffled" class="App\Game\DeckOfCardsTest" classname="App.Game.DeckOfCardsTest" file="/Users/alexandracarlsson/dbwebb-kurser/mvc/me/report/tests/Game/DeckOfCardsTest.php" line="40" assertions="1" time="0.002161"/>
      </testsuite>
    </testsuite>
  </testsuite>
</testsuites>
