<?xml version="1.0" encoding="UTF-8"?>
<testsuites>
  <testsuite name="" tests="58" assertions="91" errors="0" warnings="0" failures="0" skipped="0" time="0.505521">
    <testsuite name="Project Test Suite" tests="58" assertions="91" errors="0" warnings="0" failures="0" skipped="0" time="0.505521">
      <testsuite name="App\Card\CardGraphicTest" file="/Users/alexandracarlsson/dbwebb-kurser/mvc/me/report/tests/Card/CardGraphicTest.php" tests="2" assertions="3" errors="0" warnings="0" failures="0" skipped="0" time="0.005894">
        <testcase name="testCardGraphic" class="App\Card\CardGraphicTest" classname="App.Card.CardGraphicTest" file="/Users/alexandracarlsson/dbwebb-kurser/mvc/me/report/tests/Card/CardGraphicTest.php" line="16" assertions="2" time="0.005604"/>
        <testcase name="testCardGraphicAsString" class="App\Card\CardGraphicTest" classname="App.Card.CardGraphicTest" file="/Users/alexandracarlsson/dbwebb-kurser/mvc/me/report/tests/Card/CardGraphicTest.php" line="27" assertions="1" time="0.000289"/>
      </testsuite>
      <testsuite name="App\Card\CardHandTest" file="/Users/alexandracarlsson/dbwebb-kurser/mvc/me/report/tests/Card/CardHandTest.php" tests="4" assertions="5" errors="0" warnings="0" failures="0" skipped="0" time="0.002698">
        <testcase name="testCardAdd" class="App\Card\CardHandTest" classname="App.Card.CardHandTest" file="/Users/alexandracarlsson/dbwebb-kurser/mvc/me/report/tests/Card/CardHandTest.php" line="16" assertions="1" time="0.000644"/>
        <testcase name="testGetValues" class="App\Card\CardHandTest" classname="App.Card.CardHandTest" file="/Users/alexandracarlsson/dbwebb-kurser/mvc/me/report/tests/Card/CardHandTest.php" line="28" assertions="1" time="0.000683"/>
        <testcase name="testCardGetString" class="App\Card\CardHandTest" classname="App.Card.CardHandTest" file="/Users/alexandracarlsson/dbwebb-kurser/mvc/me/report/tests/Card/CardHandTest.php" line="41" assertions="1" time="0.000398"/>
        <testcase name="testGetCards" class="App\Card\CardHandTest" classname="App.Card.CardHandTest" file="/Users/alexandracarlsson/dbwebb-kurser/mvc/me/report/tests/Card/CardHandTest.php" line="55" assertions="2" time="0.000974"/>
      </testsuite>
      <testsuite name="App\Card\CardTest" file="/Users/alexandracarlsson/dbwebb-kurser/mvc/me/report/tests/Card/CardTest.php" tests="4" assertions="6" errors="0" warnings="0" failures="0" skipped="0" time="0.001388">
        <testcase name="testCreateCard" class="App\Card\CardTest" classname="App.Card.CardTest" file="/Users/alexandracarlsson/dbwebb-kurser/mvc/me/report/tests/Card/CardTest.php" line="16" assertions="3" time="0.000625"/>
        <testcase name="testCardNumber" class="App\Card\CardTest" classname="App.Card.CardTest" file="/Users/alexandracarlsson/dbwebb-kurser/mvc/me/report/tests/Card/CardTest.php" line="29" assertions="1" time="0.000259"/>
        <testcase name="testCardColor" class="App\Card\CardTest" classname="App.Card.CardTest" file="/Users/alexandracarlsson/dbwebb-kurser/mvc/me/report/tests/Card/CardTest.php" line="40" assertions="1" time="0.000246"/>
        <testcase name="testCardGetAsString" class="App\Card\CardTest" classname="App.Card.CardTest" file="/Users/alexandracarlsson/dbwebb-kurser/mvc/me/report/tests/Card/CardTest.php" line="51" assertions="1" time="0.000258"/>
      </testsuite>
      <testsuite name="App\Card\DeckOfCardsTest" file="/Users/alexandracarlsson/dbwebb-kurser/mvc/me/report/tests/Card/DeckOfCardsTest.php" tests="3" assertions="4" errors="0" warnings="0" failures="0" skipped="0" time="0.004995">
        <testcase name="testDeckOfCards" class="App\Card\DeckOfCardsTest" classname="App.Card.DeckOfCardsTest" file="/Users/alexandracarlsson/dbwebb-kurser/mvc/me/report/tests/Card/DeckOfCardsTest.php" line="16" assertions="1" time="0.000749"/>
        <testcase name="testLeftDeckOfCards" class="App\Card\DeckOfCardsTest" classname="App.Card.DeckOfCardsTest" file="/Users/alexandracarlsson/dbwebb-kurser/mvc/me/report/tests/Card/DeckOfCardsTest.php" line="27" assertions="2" time="0.000400"/>
        <testcase name="testDeckOfCardsShuffled" class="App\Card\DeckOfCardsTest" classname="App.Card.DeckOfCardsTest" file="/Users/alexandracarlsson/dbwebb-kurser/mvc/me/report/tests/Card/DeckOfCardsTest.php" line="40" assertions="1" time="0.003847"/>
      </testsuite>
      <testsuite name="App\Tests\Controller\PresentationControllerTest" file="/Users/alexandracarlsson/dbwebb-kurser/mvc/me/report/tests/Controller/PresentationControllerTest.php" tests="12" assertions="24" errors="0" warnings="0" failures="0" skipped="0" time="0.359980">
        <testcase name="testRouteHome" class="App\Tests\Controller\PresentationControllerTest" classname="App.Tests.Controller.PresentationControllerTest" file="/Users/alexandracarlsson/dbwebb-kurser/mvc/me/report/tests/Controller/PresentationControllerTest.php" line="16" assertions="2" time="0.179184"/>
        <testcase name="testAboutRoute" class="App\Tests\Controller\PresentationControllerTest" classname="App.Tests.Controller.PresentationControllerTest" file="/Users/alexandracarlsson/dbwebb-kurser/mvc/me/report/tests/Controller/PresentationControllerTest.php" line="29" assertions="2" time="0.015204"/>
        <testcase name="testReportRoute" class="App\Tests\Controller\PresentationControllerTest" classname="App.Tests.Controller.PresentationControllerTest" file="/Users/alexandracarlsson/dbwebb-kurser/mvc/me/report/tests/Controller/PresentationControllerTest.php" line="42" assertions="2" time="0.039720"/>
        <testcase name="testMetricsRoute" class="App\Tests\Controller\PresentationControllerTest" classname="App.Tests.Controller.PresentationControllerTest" file="/Users/alexandracarlsson/dbwebb-kurser/mvc/me/report/tests/Controller/PresentationControllerTest.php" line="55" assertions="2" time="0.016472"/>
        <testcase name="testRouteKmom01" class="App\Tests\Controller\PresentationControllerTest" classname="App.Tests.Controller.PresentationControllerTest" file="/Users/alexandracarlsson/dbwebb-kurser/mvc/me/report/tests/Controller/PresentationControllerTest.php" line="68" assertions="2" time="0.013699"/>
        <testcase name="testRouteKmom02" class="App\Tests\Controller\PresentationControllerTest" classname="App.Tests.Controller.PresentationControllerTest" file="/Users/alexandracarlsson/dbwebb-kurser/mvc/me/report/tests/Controller/PresentationControllerTest.php" line="81" assertions="2" time="0.013427"/>
        <testcase name="testRouteKmom03" class="App\Tests\Controller\PresentationControllerTest" classname="App.Tests.Controller.PresentationControllerTest" file="/Users/alexandracarlsson/dbwebb-kurser/mvc/me/report/tests/Controller/PresentationControllerTest.php" line="94" assertions="2" time="0.013297"/>
        <testcase name="testRouteKmom04" class="App\Tests\Controller\PresentationControllerTest" classname="App.Tests.Controller.PresentationControllerTest" file="/Users/alexandracarlsson/dbwebb-kurser/mvc/me/report/tests/Controller/PresentationControllerTest.php" line="107" assertions="2" time="0.013090"/>
        <testcase name="testRouteKmom05" class="App\Tests\Controller\PresentationControllerTest" classname="App.Tests.Controller.PresentationControllerTest" file="/Users/alexandracarlsson/dbwebb-kurser/mvc/me/report/tests/Controller/PresentationControllerTest.php" line="120" assertions="2" time="0.013415"/>
        <testcase name="testRouteKmom06" class="App\Tests\Controller\PresentationControllerTest" classname="App.Tests.Controller.PresentationControllerTest" file="/Users/alexandracarlsson/dbwebb-kurser/mvc/me/report/tests/Controller/PresentationControllerTest.php" line="133" assertions="2" time="0.013158"/>
        <testcase name="testRouteKmom10" class="App\Tests\Controller\PresentationControllerTest" classname="App.Tests.Controller.PresentationControllerTest" file="/Users/alexandracarlsson/dbwebb-kurser/mvc/me/report/tests/Controller/PresentationControllerTest.php" line="146" assertions="2" time="0.013238"/>
        <testcase name="testRouteLucky" class="App\Tests\Controller\PresentationControllerTest" classname="App.Tests.Controller.PresentationControllerTest" file="/Users/alexandracarlsson/dbwebb-kurser/mvc/me/report/tests/Controller/PresentationControllerTest.php" line="159" assertions="2" time="0.016078"/>
      </testsuite>
      <testsuite name="App\Tests\Controller\ProjectControllerTest" file="/Users/alexandracarlsson/dbwebb-kurser/mvc/me/report/tests/Controller/ProjectControllerTest.php" tests="5" assertions="10" errors="0" warnings="0" failures="0" skipped="0" time="0.072089">
        <testcase name="testHomeRoute" class="App\Tests\Controller\ProjectControllerTest" classname="App.Tests.Controller.ProjectControllerTest" file="/Users/alexandracarlsson/dbwebb-kurser/mvc/me/report/tests/Controller/ProjectControllerTest.php" line="16" assertions="2" time="0.014461"/>
        <testcase name="testRouteAbout" class="App\Tests\Controller\ProjectControllerTest" classname="App.Tests.Controller.ProjectControllerTest" file="/Users/alexandracarlsson/dbwebb-kurser/mvc/me/report/tests/Controller/ProjectControllerTest.php" line="29" assertions="2" time="0.012698"/>
        <testcase name="testRouteHalsa" class="App\Tests\Controller\ProjectControllerTest" classname="App.Tests.Controller.ProjectControllerTest" file="/Users/alexandracarlsson/dbwebb-kurser/mvc/me/report/tests/Controller/ProjectControllerTest.php" line="42" assertions="2" time="0.012938"/>
        <testcase name="testRouteDiagMat" class="App\Tests\Controller\ProjectControllerTest" classname="App.Tests.Controller.ProjectControllerTest" file="/Users/alexandracarlsson/dbwebb-kurser/mvc/me/report/tests/Controller/ProjectControllerTest.php" line="55" assertions="2" time="0.018284"/>
        <testcase name="testRouteDiagBarn" class="App\Tests\Controller\ProjectControllerTest" classname="App.Tests.Controller.ProjectControllerTest" file="/Users/alexandracarlsson/dbwebb-kurser/mvc/me/report/tests/Controller/ProjectControllerTest.php" line="68" assertions="2" time="0.013709"/>
      </testsuite>
      <testsuite name="App\Tests\Controller\DiceGameControllerTest" file="/Users/alexandracarlsson/dbwebb-kurser/mvc/me/report/tests/Dice/DiceGameControllerTest.php" tests="3" assertions="7" errors="0" warnings="0" failures="0" skipped="0" time="0.038143">
        <testcase name="testStartPigGame" class="App\Tests\Controller\DiceGameControllerTest" classname="App.Tests.Controller.DiceGameControllerTest" file="/Users/alexandracarlsson/dbwebb-kurser/mvc/me/report/tests/Dice/DiceGameControllerTest.php" line="16" assertions="3" time="0.014171"/>
        <testcase name="testPigGameInit" class="App\Tests\Controller\DiceGameControllerTest" classname="App.Tests.Controller.DiceGameControllerTest" file="/Users/alexandracarlsson/dbwebb-kurser/mvc/me/report/tests/Dice/DiceGameControllerTest.php" line="26" assertions="2" time="0.013234"/>
        <testcase name="testPigInitPostRedirects" class="App\Tests\Controller\DiceGameControllerTest" classname="App.Tests.Controller.DiceGameControllerTest" file="/Users/alexandracarlsson/dbwebb-kurser/mvc/me/report/tests/Dice/DiceGameControllerTest.php" line="35" assertions="2" time="0.010738"/>
      </testsuite>
      <testsuite name="App\Dice\DiceHandTest" file="/Users/alexandracarlsson/dbwebb-kurser/mvc/me/report/tests/Dice/DiceHandTest.php" tests="1" assertions="1" errors="0" warnings="0" failures="0" skipped="0" time="0.009759">
        <testcase name="testAddStubbedDices" class="App\Dice\DiceHandTest" classname="App.Dice.DiceHandTest" file="/Users/alexandracarlsson/dbwebb-kurser/mvc/me/report/tests/Dice/DiceHandTest.php" line="15" assertions="1" time="0.009759"/>
      </testsuite>
      <testsuite name="App\Dice\DiceTest" file="/Users/alexandracarlsson/dbwebb-kurser/mvc/me/report/tests/Dice/DiceTest.php" tests="2" assertions="3" errors="0" warnings="0" failures="0" skipped="0" time="0.000988">
        <testcase name="testCreateDice" class="App\Dice\DiceTest" classname="App.Dice.DiceTest" file="/Users/alexandracarlsson/dbwebb-kurser/mvc/me/report/tests/Dice/DiceTest.php" line="16" assertions="2" time="0.000610"/>
        <testcase name="testStubRollDiceLastRoll" class="App\Dice\DiceTest" classname="App.Dice.DiceTest" file="/Users/alexandracarlsson/dbwebb-kurser/mvc/me/report/tests/Dice/DiceTest.php" line="28" assertions="1" time="0.000378"/>
      </testsuite>
      <testsuite name="App\Game\CardGraphicTest" file="/Users/alexandracarlsson/dbwebb-kurser/mvc/me/report/tests/Game/CardGraphicTest.php" tests="2" assertions="3" errors="0" warnings="0" failures="0" skipped="0" time="0.001017">
        <testcase name="testCardGraphic" class="App\Game\CardGraphicTest" classname="App.Game.CardGraphicTest" file="/Users/alexandracarlsson/dbwebb-kurser/mvc/me/report/tests/Game/CardGraphicTest.php" line="16" assertions="2" time="0.000733"/>
        <testcase name="testCardGraphicAsString" class="App\Game\CardGraphicTest" classname="App.Game.CardGraphicTest" file="/Users/alexandracarlsson/dbwebb-kurser/mvc/me/report/tests/Game/CardGraphicTest.php" line="27" assertions="1" time="0.000284"/>
      </testsuite>
      <testsuite name="App\Game\CardHandBankTest" file="/Users/alexandracarlsson/dbwebb-kurser/mvc/me/report/tests/Game/CardHandBankTest.php" tests="6" assertions="7" errors="0" warnings="0" failures="0" skipped="0" time="0.002034">
        <testcase name="testCardAddCardBank" class="App\Game\CardHandBankTest" classname="App.Game.CardHandBankTest" file="/Users/alexandracarlsson/dbwebb-kurser/mvc/me/report/tests/Game/CardHandBankTest.php" line="16" assertions="1" time="0.000696"/>
        <testcase name="testBankGetValues" class="App\Game\CardHandBankTest" classname="App.Game.CardHandBankTest" file="/Users/alexandracarlsson/dbwebb-kurser/mvc/me/report/tests/Game/CardHandBankTest.php" line="28" assertions="1" time="0.000279"/>
        <testcase name="testBankGetTotalValueEss" class="App\Game\CardHandBankTest" classname="App.Game.CardHandBankTest" file="/Users/alexandracarlsson/dbwebb-kurser/mvc/me/report/tests/Game/CardHandBankTest.php" line="41" assertions="1" time="0.000275"/>
        <testcase name="testBankGetTotalValue" class="App\Game\CardHandBankTest" classname="App.Game.CardHandBankTest" file="/Users/alexandracarlsson/dbwebb-kurser/mvc/me/report/tests/Game/CardHandBankTest.php" line="55" assertions="1" time="0.000263"/>
        <testcase name="testCardGetString" class="App\Game\CardHandBankTest" classname="App.Game.CardHandBankTest" file="/Users/alexandracarlsson/dbwebb-kurser/mvc/me/report/tests/Game/CardHandBankTest.php" line="68" assertions="1" time="0.000264"/>
        <testcase name="testBankGetCards" class="App\Game\CardHandBankTest" classname="App.Game.CardHandBankTest" file="/Users/alexandracarlsson/dbwebb-kurser/mvc/me/report/tests/Game/CardHandBankTest.php" line="82" assertions="2" time="0.000257"/>
      </testsuite>
      <testsuite name="App\Game\CardHandPlayerTest" file="/Users/alexandracarlsson/dbwebb-kurser/mvc/me/report/tests/Game/CardHandPlayerTest.php" tests="5" assertions="6" errors="0" warnings="0" failures="0" skipped="0" time="0.001769">
        <testcase name="testCardAddCardplayer" class="App\Game\CardHandPlayerTest" classname="App.Game.CardHandPlayerTest" file="/Users/alexandracarlsson/dbwebb-kurser/mvc/me/report/tests/Game/CardHandPlayerTest.php" line="16" assertions="1" time="0.000667"/>
        <testcase name="testPlayerGetValues" class="App\Game\CardHandPlayerTest" classname="App.Game.CardHandPlayerTest" file="/Users/alexandracarlsson/dbwebb-kurser/mvc/me/report/tests/Game/CardHandPlayerTest.php" line="28" assertions="1" time="0.000292"/>
        <testcase name="testPlayerGetTotalValueEss" class="App\Game\CardHandPlayerTest" classname="App.Game.CardHandPlayerTest" file="/Users/alexandracarlsson/dbwebb-kurser/mvc/me/report/tests/Game/CardHandPlayerTest.php" line="41" assertions="1" time="0.000274"/>
        <testcase name="testCardPlayerGetString" class="App\Game\CardHandPlayerTest" classname="App.Game.CardHandPlayerTest" file="/Users/alexandracarlsson/dbwebb-kurser/mvc/me/report/tests/Game/CardHandPlayerTest.php" line="55" assertions="1" time="0.000280"/>
        <testcase name="testPlayerGetCards" class="App\Game\CardHandPlayerTest" classname="App.Game.CardHandPlayerTest" file="/Users/alexandracarlsson/dbwebb-kurser/mvc/me/report/tests/Game/CardHandPlayerTest.php" line="69" assertions="2" time="0.000257"/>
      </testsuite>
      <testsuite name="App\Game\CardTest" file="/Users/alexandracarlsson/dbwebb-kurser/mvc/me/report/tests/Game/CardTest.php" tests="6" assertions="8" errors="0" warnings="0" failures="0" skipped="0" time="0.001427">
        <testcase name="testCreateCard" class="App\Game\CardTest" classname="App.Game.CardTest" file="/Users/alexandracarlsson/dbwebb-kurser/mvc/me/report/tests/Game/CardTest.php" line="16" assertions="3" time="0.000252"/>
        <testcase name="testCardNumber" class="App\Game\CardTest" classname="App.Game.CardTest" file="/Users/alexandracarlsson/dbwebb-kurser/mvc/me/report/tests/Game/CardTest.php" line="29" assertions="1" time="0.000239"/>
        <testcase name="testCardColor" class="App\Game\CardTest" classname="App.Game.CardTest" file="/Users/alexandracarlsson/dbwebb-kurser/mvc/me/report/tests/Game/CardTest.php" line="40" assertions="1" time="0.000240"/>
        <testcase name="testCardNumberValue" class="App\Game\CardTest" classname="App.Game.CardTest" file="/Users/alexandracarlsson/dbwebb-kurser/mvc/me/report/tests/Game/CardTest.php" line="51" assertions="1" time="0.000232"/>
        <testcase name="testCardShowCard" class="App\Game\CardTest" classname="App.Game.CardTest" file="/Users/alexandracarlsson/dbwebb-kurser/mvc/me/report/tests/Game/CardTest.php" line="62" assertions="1" time="0.000233"/>
        <testcase name="testCardGetAsString" class="App\Game\CardTest" classname="App.Game.CardTest" file="/Users/alexandracarlsson/dbwebb-kurser/mvc/me/report/tests/Game/CardTest.php" line="73" assertions="1" time="0.000232"/>
      </testsuite>
      <testsuite name="App\Game\DeckOfCardsTest" file="/Users/alexandracarlsson/dbwebb-kurser/mvc/me/report/tests/Game/DeckOfCardsTest.php" tests="3" assertions="4" errors="0" warnings="0" failures="0" skipped="0" time="0.003339">
        <testcase name="testDeckOfCards" class="App\Game\DeckOfCardsTest" classname="App.Game.DeckOfCardsTest" file="/Users/alexandracarlsson/dbwebb-kurser/mvc/me/report/tests/Game/DeckOfCardsTest.php" line="16" assertions="1" time="0.000810"/>
        <testcase name="testLeftDeckOfCards" class="App\Game\DeckOfCardsTest" classname="App.Game.DeckOfCardsTest" file="/Users/alexandracarlsson/dbwebb-kurser/mvc/me/report/tests/Game/DeckOfCardsTest.php" line="27" assertions="2" time="0.000402"/>
        <testcase name="testDeckOfCardsShuffled" class="App\Game\DeckOfCardsTest" classname="App.Game.DeckOfCardsTest" file="/Users/alexandracarlsson/dbwebb-kurser/mvc/me/report/tests/Game/DeckOfCardsTest.php" line="40" assertions="1" time="0.002126"/>
      </testsuite>
    </testsuite>
  </testsuite>
</testsuites>
